-- 2019-09-30 13:08:01 [streamViewPro] [MySQL - videoPro@localhost] [session id: 1329695058] connected
-- [ --------------------------------------------------
-- 2019-09-30 13:08:01 [streamViewPro] [MySQL - videoPro@localhost] [introspection] [session id: 1329695058] [statement id: 234097062] 
select database()
-- ] --------------------------------------------------
-- 2019-09-30 13:08:01 [streamViewPro] [MySQL - videoPro@localhost] [introspection] [session id: 1329695058] [statement id: 234097062] results received
-- 2019-09-30 13:08:01 [streamViewPro] [MySQL - videoPro@localhost] [introspection] [session id: 1329695058] [statement id: 234097062] finished - execution time: 44 ms, fetching time: 26 ms, total result sets count: 1
-- [ --------------------------------------------------
-- 2019-09-30 13:08:01 [streamViewPro] [MySQL - videoPro@localhost] [introspection] [session id: 1329695058] [statement id: 234097063] 
select table_name from information_schema.tables
where table_schema collate utf8_general_ci /* lower(table_schema) */ = 'information_schema'
  and table_name collate utf8_general_ci /* lower(table_name) */ = 'parameters'
-- ] --------------------------------------------------
-- 2019-09-30 13:08:01 [streamViewPro] [MySQL - videoPro@localhost] [introspection] [session id: 1329695058] [statement id: 234097063] results received
-- 2019-09-30 13:08:01 [streamViewPro] [MySQL - videoPro@localhost] [introspection] [session id: 1329695058] [statement id: 234097063] finished - execution time: 6 ms, fetching time: 15 ms, total result sets count: 1
-- [ --------------------------------------------------
-- 2019-09-30 13:08:01 [streamViewPro] [MySQL - videoPro@localhost] [introspection] [session id: 1329695058] [statement id: 234097064] 
select @@default_storage_engine, @@default_tmp_storage_engine
-- ] --------------------------------------------------
-- 2019-09-30 13:08:01 [streamViewPro] [MySQL - videoPro@localhost] [introspection] [session id: 1329695058] [statement id: 234097064] results received
-- 2019-09-30 13:08:01 [streamViewPro] [MySQL - videoPro@localhost] [introspection] [session id: 1329695058] [statement id: 234097064] finished - execution time: 3 ms, fetching time: 5 ms, total result sets count: 1
-- [ --------------------------------------------------
-- 2019-09-30 13:08:01 [streamViewPro] [MySQL - videoPro@localhost] [introspection] [session id: 1329695058] [statement id: 234097065] 
select @@default_storage_engine, @@default_tmp_storage_engine
-- ] --------------------------------------------------
-- 2019-09-30 13:08:01 [streamViewPro] [MySQL - videoPro@localhost] [introspection] [session id: 1329695058] [statement id: 234097065] results received
-- 2019-09-30 13:08:01 [streamViewPro] [MySQL - videoPro@localhost] [introspection] [session id: 1329695058] [statement id: 234097065] finished - execution time: 4 ms, fetching time: 4 ms, total result sets count: 1
-- [ --------------------------------------------------
-- 2019-09-30 13:08:01 [streamViewPro] [MySQL - videoPro@localhost] [introspection] [session id: 1329695058] [statement id: 234097066] 
select @@GLOBAL.lower_case_table_names
-- ] --------------------------------------------------
-- 2019-09-30 13:08:01 [streamViewPro] [MySQL - videoPro@localhost] [introspection] [session id: 1329695058] [statement id: 234097066] results received
-- 2019-09-30 13:08:01 [streamViewPro] [MySQL - videoPro@localhost] [introspection] [session id: 1329695058] [statement id: 234097066] finished - execution time: 4 ms, fetching time: 7 ms, total result sets count: 1
-- [ --------------------------------------------------
-- 2019-09-30 13:08:01 [streamViewPro] [MySQL - videoPro@localhost] [introspection] [session id: 1329695058] [statement id: 234097067] 
select schema_name, default_collation_name
from information_schema.schemata
order by if(schema() = schema_name, 1, 2), schema_name
-- ] --------------------------------------------------
-- 2019-09-30 13:08:01 [streamViewPro] [MySQL - videoPro@localhost] [introspection] [session id: 1329695058] [statement id: 234097067] results received
-- 2019-09-30 13:08:01 [streamViewPro] [MySQL - videoPro@localhost] [introspection] [session id: 1329695058] [statement id: 234097067] finished - execution time: 3 ms, fetching time: 7 ms, total result sets count: 1
-- [ --------------------------------------------------
-- 2019-09-30 13:08:01 [streamViewPro] [MySQL - videoPro@localhost] [introspection] [session id: 1329695058] [statement id: 234097068] 
select
  collation_name,
  character_set_name,
  is_default collate utf8_general_ci /* is_default */ = 'Yes' as is_default
from information_schema.collations
-- ] --------------------------------------------------
-- 2019-09-30 13:08:01 [streamViewPro] [MySQL - videoPro@localhost] [introspection] [session id: 1329695058] [statement id: 234097068] results received
-- 2019-09-30 13:08:01 [streamViewPro] [MySQL - videoPro@localhost] [introspection] [session id: 1329695058] [statement id: 234097068] finished - execution time: 5 ms, fetching time: 13 ms, total result sets count: 1
-- [ --------------------------------------------------
-- 2019-09-30 13:08:01 [streamViewPro] [MySQL - videoPro@localhost] [introspection] [session id: 1329695058] [statement id: 234097069] 
select @@default_storage_engine, @@default_tmp_storage_engine
-- ] --------------------------------------------------
-- 2019-09-30 13:08:01 [streamViewPro] [MySQL - videoPro@localhost] [introspection] [session id: 1329695058] [statement id: 234097069] results received
-- 2019-09-30 13:08:01 [streamViewPro] [MySQL - videoPro@localhost] [introspection] [session id: 1329695058] [statement id: 234097069] finished - execution time: 3 ms, fetching time: 4 ms, total result sets count: 1
-- [ --------------------------------------------------
-- 2019-09-30 13:08:01 [streamViewPro] [MySQL - videoPro@localhost] [introspection] [session id: 1329695058] [statement id: 234097070] 
select @@GLOBAL.lower_case_table_names
-- ] --------------------------------------------------
-- 2019-09-30 13:08:01 [streamViewPro] [MySQL - videoPro@localhost] [introspection] [session id: 1329695058] [statement id: 234097070] results received
-- 2019-09-30 13:08:01 [streamViewPro] [MySQL - videoPro@localhost] [introspection] [session id: 1329695058] [statement id: 234097070] finished - execution time: 4 ms, fetching time: 3 ms, total result sets count: 1
-- [ --------------------------------------------------
-- 2019-09-30 13:08:01 [streamViewPro] [MySQL - videoPro@localhost] [introspection] [session id: 1329695058] [statement id: 234097071] 
select schema_name, default_collation_name
from information_schema.schemata
order by if(schema() = schema_name, 1, 2), schema_name
-- ] --------------------------------------------------
-- 2019-09-30 13:08:01 [streamViewPro] [MySQL - videoPro@localhost] [introspection] [session id: 1329695058] [statement id: 234097071] results received
-- 2019-09-30 13:08:01 [streamViewPro] [MySQL - videoPro@localhost] [introspection] [session id: 1329695058] [statement id: 234097071] finished - execution time: 3 ms, fetching time: 4 ms, total result sets count: 1
-- [ --------------------------------------------------
-- 2019-09-30 13:08:01 [streamViewPro] [MySQL - videoPro@localhost] [introspection] [session id: 1329695058] [statement id: 234097072] 
select table_name, table_type, table_comment, engine, table_collation
from information_schema.tables
where table_schema = ?
-- ] --------------------------------------------------
-- 2019-09-30 13:08:01 [streamViewPro] [MySQL - videoPro@localhost] [introspection] [session id: 1329695058] [statement id: 234097072] results received
-- 2019-09-30 13:08:01 [streamViewPro] [MySQL - videoPro@localhost] [introspection] [session id: 1329695058] [statement id: 234097072] finished - execution time: 4 ms, fetching time: 4 ms, total result sets count: 1
-- [ --------------------------------------------------
-- 2019-09-30 13:08:01 [streamViewPro] [MySQL - videoPro@localhost] [introspection] [session id: 1329695058] [statement id: 234097073] 
select
  ordinal_position,
  column_name,
  column_type,
  column_default,
/* null */
  generation_expression,
  table_name,
  column_comment,
  is_nullable,
  extra,
  collation_name
from information_schema.columns
where table_schema = ?
order by table_name, ordinal_position
-- ] --------------------------------------------------
-- 2019-09-30 13:08:01 [streamViewPro] [MySQL - videoPro@localhost] [introspection] [session id: 1329695058] [statement id: 234097073] results received
-- 2019-09-30 13:08:01 [streamViewPro] [MySQL - videoPro@localhost] [introspection] [session id: 1329695058] [statement id: 234097073] finished - execution time: 5 ms, fetching time: 8 ms, total result sets count: 1
-- [ --------------------------------------------------
-- 2019-09-30 13:08:01 [streamViewPro] [MySQL - videoPro@localhost] [introspection] [session id: 1329695058] [statement id: 234097074] 
select
  table_name,
  index_name,
  /* null */ index_comment,
  index_type,
  group_concat(replace(replace(column_name, '\\', '\\\\'), '\n', '\\n') order by seq_in_index separator '\n' ) as column_names,
  non_unique
/* from (select * */
from information_schema.statistics
where table_schema = ? and
      index_schema = ? and
      index_name collate utf8_general_ci /* index_name */ <> 'PRIMARY'
/* order by table_catalog, table_schema, table_name, index_name, index_type, non_unique, seq_in_index) s */
group by
  table_catalog,
  table_schema,
  table_name,
  index_name,
  index_comment,
  index_type,
  non_unique
-- ] --------------------------------------------------
-- 2019-09-30 13:08:01 [streamViewPro] [MySQL - videoPro@localhost] [introspection] [session id: 1329695058] [statement id: 234097074] results received
-- 2019-09-30 13:08:01 [streamViewPro] [MySQL - videoPro@localhost] [introspection] [session id: 1329695058] [statement id: 234097074] finished - execution time: 4 ms, fetching time: 4 ms, total result sets count: 1
-- [ --------------------------------------------------
-- 2019-09-30 13:08:01 [streamViewPro] [MySQL - videoPro@localhost] [introspection] [session id: 1329695058] [statement id: 234097075] 
select
  c.constraint_name,
  c.table_name,
  c.constraint_type,
  group_concat(replace(replace(u.column_name, '\\', '\\\\'), '\n', '\\n') order by u.ordinal_position separator '\n' ) as column_names,
  u.referenced_table_schema,
  u.referenced_table_name,
  group_concat(replace(replace(u.referenced_column_name, '\\', '\\\\'), '\n', '\\n') order by u.position_in_unique_constraint separator '\n') as ref_column_names,
  r.match_option,
  r.update_rule,
  r.delete_rule
from information_schema.table_constraints c
  left join information_schema.key_column_usage u on
      u.constraint_schema   = c.constraint_schema
  and u.constraint_name     = c.constraint_name
  and u.table_name = c.table_name
  and u.table_schema = ?
  and if (c.constraint_type collate utf8_general_ci /* c.constraint_type */ = 'UNIQUE', u.referenced_table_name is null, true)
  left join information_schema.referential_constraints r on
      r.constraint_schema   = c.constraint_schema
  and r.constraint_name     = c.constraint_name
where c.table_schema = ?
  and u.table_schema = ?
group by
    c.constraint_schema
  , c.constraint_name
  , c.table_schema
  , c.table_name
  , c.constraint_type
  , u.referenced_table_schema
  , u.referenced_table_name
  , r.match_option
  , r.update_rule
  , r.delete_rule
order by
    c.table_schema
  , c.table_name
  , c.constraint_schema
  , c.constraint_name
-- ] --------------------------------------------------
-- 2019-09-30 13:08:02 [streamViewPro] [MySQL - videoPro@localhost] [introspection] [session id: 1329695058] [statement id: 234097075] results received
-- 2019-09-30 13:08:02 [streamViewPro] [MySQL - videoPro@localhost] [introspection] [session id: 1329695058] [statement id: 234097075] finished - execution time: 633 ms, fetching time: 4 ms, total result sets count: 1
-- [ --------------------------------------------------
-- 2019-09-30 13:08:02 [streamViewPro] [MySQL - videoPro@localhost] [introspection] [session id: 1329695058] [statement id: 234097076] 
select
  trigger_name,
  event_object_table,
  event_manipulation,
  action_timing,
  definer
from information_schema.triggers
where trigger_schema = ?
-- ] --------------------------------------------------
-- 2019-09-30 13:08:02 [streamViewPro] [MySQL - videoPro@localhost] [introspection] [session id: 1329695058] [statement id: 234097076] results received
-- 2019-09-30 13:08:02 [streamViewPro] [MySQL - videoPro@localhost] [introspection] [session id: 1329695058] [statement id: 234097076] finished - execution time: 6 ms, fetching time: 2 ms, total result sets count: 1
-- [ --------------------------------------------------
-- 2019-09-30 13:08:02 [streamViewPro] [MySQL - videoPro@localhost] [introspection] [session id: 1329695058] [statement id: 234097077] 
select
  event_name,
  event_comment,
  definer,
  event_type = 'RECURRING' recurring,
  interval_value,
  interval_field,
  cast(coalesce(starts, execute_at) as char) starts,
  cast(ends as char) ends,
  status,
  on_completion = 'PRESERVE' preserve,
  last_executed
from information_schema.events
where event_schema = ?
-- ] --------------------------------------------------
-- 2019-09-30 13:08:02 [streamViewPro] [MySQL - videoPro@localhost] [introspection] [session id: 1329695058] [statement id: 234097077] results received
-- 2019-09-30 13:08:02 [streamViewPro] [MySQL - videoPro@localhost] [introspection] [session id: 1329695058] [statement id: 234097077] finished - execution time: 4 ms, fetching time: 6 ms, total result sets count: 1
-- [ --------------------------------------------------
-- 2019-09-30 13:08:02 [streamViewPro] [MySQL - videoPro@localhost] [introspection] [session id: 1329695058] [statement id: 234097078] 
select
  specific_name,
  routine_type,
  routine_definition,
  routine_comment,
  dtd_identifier,
  definer
from information_schema.routines
where routine_schema = ?
-- ] --------------------------------------------------
-- 2019-09-30 13:08:02 [streamViewPro] [MySQL - videoPro@localhost] [introspection] [session id: 1329695058] [statement id: 234097078] results received
-- 2019-09-30 13:08:02 [streamViewPro] [MySQL - videoPro@localhost] [introspection] [session id: 1329695058] [statement id: 234097078] finished - execution time: 7 ms, fetching time: 4 ms, total result sets count: 1
-- [ --------------------------------------------------
-- 2019-09-30 13:08:02 [streamViewPro] [MySQL - videoPro@localhost] [introspection] [session id: 1329695058] [statement id: 234097079] 
select specific_name,
  ordinal_position,
  parameter_name,
  parameter_mode,
  dtd_identifier
from information_schema.parameters
where specific_schema = ? and ordinal_position > 0
order by specific_name, ordinal_position
-- ] --------------------------------------------------
-- 2019-09-30 13:08:02 [streamViewPro] [MySQL - videoPro@localhost] [introspection] [session id: 1329695058] [statement id: 234097079] results received
-- 2019-09-30 13:08:02 [streamViewPro] [MySQL - videoPro@localhost] [introspection] [session id: 1329695058] [statement id: 234097079] finished - execution time: 6 ms, fetching time: 3 ms, total result sets count: 1
-- [ --------------------------------------------------
-- 2019-09-30 13:08:02 [streamViewPro] [MySQL - videoPro@localhost] [introspection] [session id: 1329695058] [statement id: 234097080] 
select table_name, view_definition, definer
from information_schema.views
where table_schema = ?
-- ] --------------------------------------------------
-- 2019-09-30 13:08:02 [streamViewPro] [MySQL - videoPro@localhost] [introspection] [session id: 1329695058] [statement id: 234097080] results received
-- 2019-09-30 13:08:02 [streamViewPro] [MySQL - videoPro@localhost] [introspection] [session id: 1329695058] [statement id: 234097080] finished - execution time: 4 ms, fetching time: 2 ms, total result sets count: 1
-- [ --------------------------------------------------
-- 2019-09-30 13:08:02 [streamViewPro] [MySQL - videoPro@localhost] [introspection] [session id: 1329695058] [statement id: 234097081] 
select specific_name, routine_definition
from information_schema.routines
where routine_schema = ?
-- ] --------------------------------------------------
-- 2019-09-30 13:08:02 [streamViewPro] [MySQL - videoPro@localhost] [introspection] [session id: 1329695058] [statement id: 234097081] results received
-- 2019-09-30 13:08:02 [streamViewPro] [MySQL - videoPro@localhost] [introspection] [session id: 1329695058] [statement id: 234097081] finished - execution time: 4 ms, fetching time: 3 ms, total result sets count: 1
-- [ --------------------------------------------------
-- 2019-09-30 13:08:02 [streamViewPro] [MySQL - videoPro@localhost] [introspection] [session id: 1329695058] [statement id: 234097082] 
select
  trigger_name,
  event_object_table,
  action_statement
from information_schema.triggers
where trigger_schema = ?
-- ] --------------------------------------------------
-- 2019-09-30 13:08:02 [streamViewPro] [MySQL - videoPro@localhost] [introspection] [session id: 1329695058] [statement id: 234097082] results received
-- 2019-09-30 13:08:02 [streamViewPro] [MySQL - videoPro@localhost] [introspection] [session id: 1329695058] [statement id: 234097082] finished - execution time: 6 ms, fetching time: 2 ms, total result sets count: 1
-- [ --------------------------------------------------
-- 2019-09-30 13:08:02 [streamViewPro] [MySQL - videoPro@localhost] [introspection] [session id: 1329695058] [statement id: 234097083] 
select
  event_name,
  event_definition
from information_schema.events
where event_schema = ?
-- ] --------------------------------------------------
-- 2019-09-30 13:08:02 [streamViewPro] [MySQL - videoPro@localhost] [introspection] [session id: 1329695058] [statement id: 234097083] results received
-- 2019-09-30 13:08:02 [streamViewPro] [MySQL - videoPro@localhost] [introspection] [session id: 1329695058] [statement id: 234097083] finished - execution time: 3 ms, fetching time: 3 ms, total result sets count: 1
-- 2019-09-30 13:08:02 [streamViewPro] [MySQL - videoPro@localhost] [session id: 1329695058] disconnected
-- 2019-10-02 21:56:18 [streamViewPro] [MySQL - videoPro@localhost] [session id: 1808903167] connected
-- [ --------------------------------------------------
-- 2019-10-02 21:56:18 [streamViewPro] [MySQL - videoPro@localhost] [introspection] [session id: 1808903167] [statement id: 2049797422] 
select database()
-- ] --------------------------------------------------
-- 2019-10-02 21:56:18 [streamViewPro] [MySQL - videoPro@localhost] [introspection] [session id: 1808903167] [statement id: 2049797422] results received
-- 2019-10-02 21:56:18 [streamViewPro] [MySQL - videoPro@localhost] [introspection] [session id: 1808903167] [statement id: 2049797422] finished - execution time: 41 ms, fetching time: 28 ms, total result sets count: 1
-- [ --------------------------------------------------
-- 2019-10-02 21:56:18 [streamViewPro] [MySQL - videoPro@localhost] [introspection] [session id: 1808903167] [statement id: 2049797423] 
select table_name from information_schema.tables
where table_schema collate utf8_general_ci /* lower(table_schema) */ = 'information_schema'
  and table_name collate utf8_general_ci /* lower(table_name) */ = 'parameters'
-- ] --------------------------------------------------
-- 2019-10-02 21:56:18 [streamViewPro] [MySQL - videoPro@localhost] [introspection] [session id: 1808903167] [statement id: 2049797423] results received
-- 2019-10-02 21:56:18 [streamViewPro] [MySQL - videoPro@localhost] [introspection] [session id: 1808903167] [statement id: 2049797423] finished - execution time: 6 ms, fetching time: 17 ms, total result sets count: 1
-- [ --------------------------------------------------
-- 2019-10-02 21:56:18 [streamViewPro] [MySQL - videoPro@localhost] [introspection] [session id: 1808903167] [statement id: 2049797424] 
select @@default_storage_engine, @@default_tmp_storage_engine
-- ] --------------------------------------------------
-- 2019-10-02 21:56:18 [streamViewPro] [MySQL - videoPro@localhost] [introspection] [session id: 1808903167] [statement id: 2049797424] results received
-- 2019-10-02 21:56:18 [streamViewPro] [MySQL - videoPro@localhost] [introspection] [session id: 1808903167] [statement id: 2049797424] finished - execution time: 4 ms, fetching time: 5 ms, total result sets count: 1
-- [ --------------------------------------------------
-- 2019-10-02 21:56:18 [streamViewPro] [MySQL - videoPro@localhost] [introspection] [session id: 1808903167] [statement id: 2049797425] 
select @@default_storage_engine, @@default_tmp_storage_engine
-- ] --------------------------------------------------
-- 2019-10-02 21:56:18 [streamViewPro] [MySQL - videoPro@localhost] [introspection] [session id: 1808903167] [statement id: 2049797425] results received
-- 2019-10-02 21:56:18 [streamViewPro] [MySQL - videoPro@localhost] [introspection] [session id: 1808903167] [statement id: 2049797425] finished - execution time: 4 ms, fetching time: 6 ms, total result sets count: 1
-- [ --------------------------------------------------
-- 2019-10-02 21:56:18 [streamViewPro] [MySQL - videoPro@localhost] [introspection] [session id: 1808903167] [statement id: 2049797426] 
select @@GLOBAL.lower_case_table_names
-- ] --------------------------------------------------
-- 2019-10-02 21:56:18 [streamViewPro] [MySQL - videoPro@localhost] [introspection] [session id: 1808903167] [statement id: 2049797426] results received
-- 2019-10-02 21:56:18 [streamViewPro] [MySQL - videoPro@localhost] [introspection] [session id: 1808903167] [statement id: 2049797426] finished - execution time: 4 ms, fetching time: 6 ms, total result sets count: 1
-- [ --------------------------------------------------
-- 2019-10-02 21:56:18 [streamViewPro] [MySQL - videoPro@localhost] [introspection] [session id: 1808903167] [statement id: 2049797427] 
select schema_name, default_collation_name
from information_schema.schemata
order by if(schema() = schema_name, 1, 2), schema_name
-- ] --------------------------------------------------
-- 2019-10-02 21:56:18 [streamViewPro] [MySQL - videoPro@localhost] [introspection] [session id: 1808903167] [statement id: 2049797427] results received
-- 2019-10-02 21:56:18 [streamViewPro] [MySQL - videoPro@localhost] [introspection] [session id: 1808903167] [statement id: 2049797427] finished - execution time: 4 ms, fetching time: 8 ms, total result sets count: 1
-- [ --------------------------------------------------
-- 2019-10-02 21:56:18 [streamViewPro] [MySQL - videoPro@localhost] [introspection] [session id: 1808903167] [statement id: 2049797428] 
select
  collation_name,
  character_set_name,
  is_default collate utf8_general_ci /* is_default */ = 'Yes' as is_default
from information_schema.collations
-- ] --------------------------------------------------
-- 2019-10-02 21:56:18 [streamViewPro] [MySQL - videoPro@localhost] [introspection] [session id: 1808903167] [statement id: 2049797428] results received
-- 2019-10-02 21:56:18 [streamViewPro] [MySQL - videoPro@localhost] [introspection] [session id: 1808903167] [statement id: 2049797428] finished - execution time: 6 ms, fetching time: 15 ms, total result sets count: 1
-- [ --------------------------------------------------
-- 2019-10-02 21:56:18 [streamViewPro] [MySQL - videoPro@localhost] [introspection] [session id: 1808903167] [statement id: 2049797429] 
select @@default_storage_engine, @@default_tmp_storage_engine
-- ] --------------------------------------------------
-- 2019-10-02 21:56:18 [streamViewPro] [MySQL - videoPro@localhost] [introspection] [session id: 1808903167] [statement id: 2049797429] results received
-- 2019-10-02 21:56:18 [streamViewPro] [MySQL - videoPro@localhost] [introspection] [session id: 1808903167] [statement id: 2049797429] finished - execution time: 3 ms, fetching time: 3 ms, total result sets count: 1
-- [ --------------------------------------------------
-- 2019-10-02 21:56:18 [streamViewPro] [MySQL - videoPro@localhost] [introspection] [session id: 1808903167] [statement id: 2049797430] 
select @@GLOBAL.lower_case_table_names
-- ] --------------------------------------------------
-- 2019-10-02 21:56:18 [streamViewPro] [MySQL - videoPro@localhost] [introspection] [session id: 1808903167] [statement id: 2049797430] results received
-- 2019-10-02 21:56:18 [streamViewPro] [MySQL - videoPro@localhost] [introspection] [session id: 1808903167] [statement id: 2049797430] finished - execution time: 4 ms, fetching time: 3 ms, total result sets count: 1
-- [ --------------------------------------------------
-- 2019-10-02 21:56:18 [streamViewPro] [MySQL - videoPro@localhost] [introspection] [session id: 1808903167] [statement id: 2049797431] 
select schema_name, default_collation_name
from information_schema.schemata
order by if(schema() = schema_name, 1, 2), schema_name
-- ] --------------------------------------------------
-- 2019-10-02 21:56:18 [streamViewPro] [MySQL - videoPro@localhost] [introspection] [session id: 1808903167] [statement id: 2049797431] results received
-- 2019-10-02 21:56:18 [streamViewPro] [MySQL - videoPro@localhost] [introspection] [session id: 1808903167] [statement id: 2049797431] finished - execution time: 3 ms, fetching time: 5 ms, total result sets count: 1
-- [ --------------------------------------------------
-- 2019-10-02 21:56:18 [streamViewPro] [MySQL - videoPro@localhost] [introspection] [session id: 1808903167] [statement id: 2049797432] 
select table_name, table_type, table_comment, engine, table_collation
from information_schema.tables
where table_schema = ?
-- ] --------------------------------------------------
-- 2019-10-02 21:56:18 [streamViewPro] [MySQL - videoPro@localhost] [introspection] [session id: 1808903167] [statement id: 2049797432] results received
-- 2019-10-02 21:56:18 [streamViewPro] [MySQL - videoPro@localhost] [introspection] [session id: 1808903167] [statement id: 2049797432] finished - execution time: 4 ms, fetching time: 5 ms, total result sets count: 1
-- [ --------------------------------------------------
-- 2019-10-02 21:56:18 [streamViewPro] [MySQL - videoPro@localhost] [introspection] [session id: 1808903167] [statement id: 2049797433] 
select
  ordinal_position,
  column_name,
  column_type,
  column_default,
/* null */
  generation_expression,
  table_name,
  column_comment,
  is_nullable,
  extra,
  collation_name
from information_schema.columns
where table_schema = ?
order by table_name, ordinal_position
-- ] --------------------------------------------------
-- 2019-10-02 21:56:18 [streamViewPro] [MySQL - videoPro@localhost] [introspection] [session id: 1808903167] [statement id: 2049797433] results received
-- 2019-10-02 21:56:18 [streamViewPro] [MySQL - videoPro@localhost] [introspection] [session id: 1808903167] [statement id: 2049797433] finished - execution time: 6 ms, fetching time: 7 ms, total result sets count: 1
-- [ --------------------------------------------------
-- 2019-10-02 21:56:18 [streamViewPro] [MySQL - videoPro@localhost] [introspection] [session id: 1808903167] [statement id: 2049797434] 
select
  table_name,
  index_name,
  /* null */ index_comment,
  index_type,
  group_concat(replace(replace(column_name, '\\', '\\\\'), '\n', '\\n') order by seq_in_index separator '\n' ) as column_names,
  non_unique
/* from (select * */
from information_schema.statistics
where table_schema = ? and
      index_schema = ? and
      index_name collate utf8_general_ci /* index_name */ <> 'PRIMARY'
/* order by table_catalog, table_schema, table_name, index_name, index_type, non_unique, seq_in_index) s */
group by
  table_catalog,
  table_schema,
  table_name,
  index_name,
  index_comment,
  index_type,
  non_unique
-- ] --------------------------------------------------
-- 2019-10-02 21:56:18 [streamViewPro] [MySQL - videoPro@localhost] [introspection] [session id: 1808903167] [statement id: 2049797434] results received
-- 2019-10-02 21:56:18 [streamViewPro] [MySQL - videoPro@localhost] [introspection] [session id: 1808903167] [statement id: 2049797434] finished - execution time: 3 ms, fetching time: 5 ms, total result sets count: 1
-- [ --------------------------------------------------
-- 2019-10-02 21:56:18 [streamViewPro] [MySQL - videoPro@localhost] [introspection] [session id: 1808903167] [statement id: 2049797435] 
select
  c.constraint_name,
  c.table_name,
  c.constraint_type,
  group_concat(replace(replace(u.column_name, '\\', '\\\\'), '\n', '\\n') order by u.ordinal_position separator '\n' ) as column_names,
  u.referenced_table_schema,
  u.referenced_table_name,
  group_concat(replace(replace(u.referenced_column_name, '\\', '\\\\'), '\n', '\\n') order by u.position_in_unique_constraint separator '\n') as ref_column_names,
  r.match_option,
  r.update_rule,
  r.delete_rule
from information_schema.table_constraints c
  left join information_schema.key_column_usage u on
      u.constraint_schema   = c.constraint_schema
  and u.constraint_name     = c.constraint_name
  and u.table_name = c.table_name
  and u.table_schema = ?
  and if (c.constraint_type collate utf8_general_ci /* c.constraint_type */ = 'UNIQUE', u.referenced_table_name is null, true)
  left join information_schema.referential_constraints r on
      r.constraint_schema   = c.constraint_schema
  and r.constraint_name     = c.constraint_name
where c.table_schema = ?
  and u.table_schema = ?
group by
    c.constraint_schema
  , c.constraint_name
  , c.table_schema
  , c.table_name
  , c.constraint_type
  , u.referenced_table_schema
  , u.referenced_table_name
  , r.match_option
  , r.update_rule
  , r.delete_rule
order by
    c.table_schema
  , c.table_name
  , c.constraint_schema
  , c.constraint_name
-- ] --------------------------------------------------
-- 2019-10-02 21:56:19 [streamViewPro] [MySQL - videoPro@localhost] [introspection] [session id: 1808903167] [statement id: 2049797435] results received
-- 2019-10-02 21:56:19 [streamViewPro] [MySQL - videoPro@localhost] [introspection] [session id: 1808903167] [statement id: 2049797435] finished - execution time: 736 ms, fetching time: 11 ms, total result sets count: 1
-- [ --------------------------------------------------
-- 2019-10-02 21:56:19 [streamViewPro] [MySQL - videoPro@localhost] [introspection] [session id: 1808903167] [statement id: 2049797436] 
select
  trigger_name,
  event_object_table,
  event_manipulation,
  action_timing,
  definer
from information_schema.triggers
where trigger_schema = ?
-- ] --------------------------------------------------
-- 2019-10-02 21:56:19 [streamViewPro] [MySQL - videoPro@localhost] [introspection] [session id: 1808903167] [statement id: 2049797436] results received
-- 2019-10-02 21:56:19 [streamViewPro] [MySQL - videoPro@localhost] [introspection] [session id: 1808903167] [statement id: 2049797436] finished - execution time: 9 ms, fetching time: 4 ms, total result sets count: 1
-- [ --------------------------------------------------
-- 2019-10-02 21:56:19 [streamViewPro] [MySQL - videoPro@localhost] [introspection] [session id: 1808903167] [statement id: 2049797437] 
select
  event_name,
  event_comment,
  definer,
  event_type = 'RECURRING' recurring,
  interval_value,
  interval_field,
  cast(coalesce(starts, execute_at) as char) starts,
  cast(ends as char) ends,
  status,
  on_completion = 'PRESERVE' preserve,
  last_executed
from information_schema.events
where event_schema = ?
-- ] --------------------------------------------------
-- 2019-10-02 21:56:19 [streamViewPro] [MySQL - videoPro@localhost] [introspection] [session id: 1808903167] [statement id: 2049797437] results received
-- 2019-10-02 21:56:19 [streamViewPro] [MySQL - videoPro@localhost] [introspection] [session id: 1808903167] [statement id: 2049797437] finished - execution time: 5 ms, fetching time: 9 ms, total result sets count: 1
-- [ --------------------------------------------------
-- 2019-10-02 21:56:19 [streamViewPro] [MySQL - videoPro@localhost] [introspection] [session id: 1808903167] [statement id: 2049797438] 
select
  specific_name,
  routine_type,
  routine_definition,
  routine_comment,
  dtd_identifier,
  definer
from information_schema.routines
where routine_schema = ?
-- ] --------------------------------------------------
-- 2019-10-02 21:56:19 [streamViewPro] [MySQL - videoPro@localhost] [introspection] [session id: 1808903167] [statement id: 2049797438] results received
-- 2019-10-02 21:56:19 [streamViewPro] [MySQL - videoPro@localhost] [introspection] [session id: 1808903167] [statement id: 2049797438] finished - execution time: 29 ms, fetching time: 6 ms, total result sets count: 1
-- [ --------------------------------------------------
-- 2019-10-02 21:56:19 [streamViewPro] [MySQL - videoPro@localhost] [introspection] [session id: 1808903167] [statement id: 2049797439] 
select specific_name,
  ordinal_position,
  parameter_name,
  parameter_mode,
  dtd_identifier
from information_schema.parameters
where specific_schema = ? and ordinal_position > 0
order by specific_name, ordinal_position
-- ] --------------------------------------------------
-- 2019-10-02 21:56:19 [streamViewPro] [MySQL - videoPro@localhost] [introspection] [session id: 1808903167] [statement id: 2049797439] results received
-- 2019-10-02 21:56:19 [streamViewPro] [MySQL - videoPro@localhost] [introspection] [session id: 1808903167] [statement id: 2049797439] finished - execution time: 6 ms, fetching time: 3 ms, total result sets count: 1
-- [ --------------------------------------------------
-- 2019-10-02 21:56:19 [streamViewPro] [MySQL - videoPro@localhost] [introspection] [session id: 1808903167] [statement id: 2049797440] 
select table_name, view_definition, definer
from information_schema.views
where table_schema = ?
-- ] --------------------------------------------------
-- 2019-10-02 21:56:19 [streamViewPro] [MySQL - videoPro@localhost] [introspection] [session id: 1808903167] [statement id: 2049797440] results received
-- 2019-10-02 21:56:19 [streamViewPro] [MySQL - videoPro@localhost] [introspection] [session id: 1808903167] [statement id: 2049797440] finished - execution time: 3 ms, fetching time: 3 ms, total result sets count: 1
-- [ --------------------------------------------------
-- 2019-10-02 21:56:19 [streamViewPro] [MySQL - videoPro@localhost] [introspection] [session id: 1808903167] [statement id: 2049797441] 
select specific_name, routine_definition
from information_schema.routines
where routine_schema = ?
-- ] --------------------------------------------------
-- 2019-10-02 21:56:19 [streamViewPro] [MySQL - videoPro@localhost] [introspection] [session id: 1808903167] [statement id: 2049797441] results received
-- 2019-10-02 21:56:19 [streamViewPro] [MySQL - videoPro@localhost] [introspection] [session id: 1808903167] [statement id: 2049797441] finished - execution time: 5 ms, fetching time: 2 ms, total result sets count: 1
-- [ --------------------------------------------------
-- 2019-10-02 21:56:19 [streamViewPro] [MySQL - videoPro@localhost] [introspection] [session id: 1808903167] [statement id: 2049797442] 
select
  trigger_name,
  event_object_table,
  action_statement
from information_schema.triggers
where trigger_schema = ?
-- ] --------------------------------------------------
-- 2019-10-02 21:56:19 [streamViewPro] [MySQL - videoPro@localhost] [introspection] [session id: 1808903167] [statement id: 2049797442] results received
-- 2019-10-02 21:56:19 [streamViewPro] [MySQL - videoPro@localhost] [introspection] [session id: 1808903167] [statement id: 2049797442] finished - execution time: 5 ms, fetching time: 3 ms, total result sets count: 1
-- [ --------------------------------------------------
-- 2019-10-02 21:56:19 [streamViewPro] [MySQL - videoPro@localhost] [introspection] [session id: 1808903167] [statement id: 2049797443] 
select
  event_name,
  event_definition
from information_schema.events
where event_schema = ?
-- ] --------------------------------------------------
-- 2019-10-02 21:56:19 [streamViewPro] [MySQL - videoPro@localhost] [introspection] [session id: 1808903167] [statement id: 2049797443] results received
-- 2019-10-02 21:56:19 [streamViewPro] [MySQL - videoPro@localhost] [introspection] [session id: 1808903167] [statement id: 2049797443] finished - execution time: 3 ms, fetching time: 2 ms, total result sets count: 1
-- 2019-10-02 21:56:19 [streamViewPro] [MySQL - videoPro@localhost] [session id: 1808903167] disconnected
